0 info it worked if it ends with ok
1 verbose cli [ '/usr/local/bin/node',
1 verbose cli   '/usr/local/bin/npm',
1 verbose cli   'install',
1 verbose cli   'pushbots-cli',
1 verbose cli   '-g' ]
2 info using npm@2.14.12
3 info using node@v4.2.4
4 verbose install initial load of /usr/local/lib/package.json
5 verbose readDependencies loading dependencies from /usr/local/lib/package.json
6 silly cache add args [ 'pushbots-cli', null ]
7 verbose cache add spec pushbots-cli
8 silly cache add parsed spec Result {
8 silly cache add   raw: 'pushbots-cli',
8 silly cache add   scope: null,
8 silly cache add   name: 'pushbots-cli',
8 silly cache add   rawSpec: '',
8 silly cache add   spec: 'latest',
8 silly cache add   type: 'tag' }
9 silly addNamed pushbots-cli@latest
10 verbose addNamed "latest" is being treated as a dist-tag for pushbots-cli
11 info addNameTag [ 'pushbots-cli', 'latest' ]
12 silly mapToRegistry name pushbots-cli
13 silly mapToRegistry using default registry
14 silly mapToRegistry registry https://registry.npmjs.org/
15 silly mapToRegistry uri https://registry.npmjs.org/pushbots-cli
16 verbose addNameTag registry:https://registry.npmjs.org/pushbots-cli not in flight; fetching
17 verbose request uri https://registry.npmjs.org/pushbots-cli
18 verbose request no auth needed
19 info attempt registry request try #1 at 9:15:47 PM
20 verbose request id 4354ff18e573b2f7
21 http request GET https://registry.npmjs.org/pushbots-cli
22 http 200 https://registry.npmjs.org/pushbots-cli
23 verbose headers { server: 'CouchDB/1.5.0 (Erlang OTP/R16B03)',
23 verbose headers   etag: '"3BGW3A3KVA6ZHO06ZELG5U05G"',
23 verbose headers   'content-type': 'application/json',
23 verbose headers   'content-encoding': 'gzip',
23 verbose headers   'cache-control': 'max-age=300',
23 verbose headers   'content-length': '2048',
23 verbose headers   'accept-ranges': 'bytes',
23 verbose headers   date: 'Sun, 31 Jul 2016 04:15:47 GMT',
23 verbose headers   via: '1.1 varnish',
23 verbose headers   age: '0',
23 verbose headers   connection: 'keep-alive',
23 verbose headers   'x-served-by': 'cache-sjc3642-SJC',
23 verbose headers   'x-cache': 'MISS',
23 verbose headers   'x-cache-hits': '0',
23 verbose headers   'x-timer': 'S1469938547.600452,VS0,VE142',
23 verbose headers   vary: 'Accept-Encoding' }
24 silly get cb [ 200,
24 silly get   { server: 'CouchDB/1.5.0 (Erlang OTP/R16B03)',
24 silly get     etag: '"3BGW3A3KVA6ZHO06ZELG5U05G"',
24 silly get     'content-type': 'application/json',
24 silly get     'content-encoding': 'gzip',
24 silly get     'cache-control': 'max-age=300',
24 silly get     'content-length': '2048',
24 silly get     'accept-ranges': 'bytes',
24 silly get     date: 'Sun, 31 Jul 2016 04:15:47 GMT',
24 silly get     via: '1.1 varnish',
24 silly get     age: '0',
24 silly get     connection: 'keep-alive',
24 silly get     'x-served-by': 'cache-sjc3642-SJC',
24 silly get     'x-cache': 'MISS',
24 silly get     'x-cache-hits': '0',
24 silly get     'x-timer': 'S1469938547.600452,VS0,VE142',
24 silly get     vary: 'Accept-Encoding' } ]
25 verbose get saving pushbots-cli to /Users/tinku/.npm/registry.npmjs.org/pushbots-cli/.cache.json
26 silly addNameTag next cb for pushbots-cli with tag latest
27 silly addNamed pushbots-cli@0.0.4
28 verbose addNamed "0.0.4" is a plain semver version for pushbots-cli
29 silly mapToRegistry name pushbots-cli
30 silly mapToRegistry using default registry
31 silly mapToRegistry registry https://registry.npmjs.org/
32 silly mapToRegistry uri https://registry.npmjs.org/pushbots-cli
33 verbose addRemoteTarball https://registry.npmjs.org/pushbots-cli/-/pushbots-cli-0.0.4.tgz not in flight; adding
34 verbose addRemoteTarball [ 'https://registry.npmjs.org/pushbots-cli/-/pushbots-cli-0.0.4.tgz',
34 verbose addRemoteTarball   '98e86dd3cd239d84cb50b7c5e05437f23498cb98' ]
35 info retry fetch attempt 1 at 9:15:47 PM
36 info attempt registry request try #1 at 9:15:47 PM
37 http fetch GET https://registry.npmjs.org/pushbots-cli/-/pushbots-cli-0.0.4.tgz
38 http fetch 200 https://registry.npmjs.org/pushbots-cli/-/pushbots-cli-0.0.4.tgz
39 silly fetchAndShaCheck shasum 98e86dd3cd239d84cb50b7c5e05437f23498cb98
40 verbose addTmpTarball /var/folders/76/0q7m3ddj4t181zmc33plcglm0000gn/T/npm-6714-fbeab65e/registry.npmjs.org/pushbots-cli/-/pushbots-cli-0.0.4.tgz not in flight; adding
41 verbose addTmpTarball already have metadata; skipping unpack for pushbots-cli@0.0.4
42 silly cache afterAdd pushbots-cli@0.0.4
43 verbose afterAdd /Users/tinku/.npm/pushbots-cli/0.0.4/package/package.json not in flight; writing
44 verbose afterAdd /Users/tinku/.npm/pushbots-cli/0.0.4/package/package.json written
45 silly install resolved [ { name: 'pushbots-cli',
45 silly install resolved     version: '0.0.4',
45 silly install resolved     description: 'PushBots command line tool',
45 silly install resolved     bin: { pushbots: './bin/pushbots' },
45 silly install resolved     contributors: [ [Object] ],
45 silly install resolved     author:
45 silly install resolved      { name: 'PushBots',
45 silly install resolved        email: 'info@pushbots.com',
45 silly install resolved        url: 'http://pushbots.com' },
45 silly install resolved     repository:
45 silly install resolved      { type: 'git',
45 silly install resolved        url: 'git+https://github.com/pushbots/pushbots-cli.git' },
45 silly install resolved     license: 'MIT',
45 silly install resolved     bugs: { url: 'https://github.com/pushbots/pushbots-cli/issues' },
45 silly install resolved     dependencies:
45 silly install resolved      { autocmdr: '0.0.8',
45 silly install resolved        'cli-color': '^1.1.0',
45 silly install resolved        'cli-spinner': '^0.2.1',
45 silly install resolved        commander: '^2.9.0',
45 silly install resolved        figlet: '^1.1.1',
45 silly install resolved        'follow-redirects': '0.0.7',
45 silly install resolved        jsonfile: '^2.2.3',
45 silly install resolved        libxmljs: '^0.16.1',
45 silly install resolved        'node-dir': '^0.1.11',
45 silly install resolved        prompt: '^0.2.14',
45 silly install resolved        'pushbots-api': '0.0.1',
45 silly install resolved        request: '^2.67.0',
45 silly install resolved        temp: '^0.8.3',
45 silly install resolved        underscore: '^1.8.3',
45 silly install resolved        unzip: '^0.1.11' },
45 silly install resolved     devDependencies: {},
45 silly install resolved     gitHead: 'e65981adbfbecd66c8ecaa158adce5e34ea6a55d',
45 silly install resolved     homepage: 'https://github.com/pushbots/pushbots-cli#readme',
45 silly install resolved     _id: 'pushbots-cli@0.0.4',
45 silly install resolved     scripts: {},
45 silly install resolved     _shasum: '98e86dd3cd239d84cb50b7c5e05437f23498cb98',
45 silly install resolved     _from: 'pushbots-cli@latest',
45 silly install resolved     _npmVersion: '2.15.1',
45 silly install resolved     _nodeVersion: '4.4.2',
45 silly install resolved     _npmUser: { name: 'pushbots', email: 'info@pushbots.com' },
45 silly install resolved     dist:
45 silly install resolved      { shasum: '98e86dd3cd239d84cb50b7c5e05437f23498cb98',
45 silly install resolved        tarball: 'https://registry.npmjs.org/pushbots-cli/-/pushbots-cli-0.0.4.tgz' },
45 silly install resolved     maintainers: [ [Object] ],
45 silly install resolved     _npmOperationalInternal:
45 silly install resolved      { host: 'packages-12-west.internal.npmjs.com',
45 silly install resolved        tmp: 'tmp/pushbots-cli-0.0.4.tgz_1459767195131_0.8475448891986161' },
45 silly install resolved     directories: {},
45 silly install resolved     _resolved: 'https://registry.npmjs.org/pushbots-cli/-/pushbots-cli-0.0.4.tgz' } ]
46 info install pushbots-cli@0.0.4 into /usr/local/lib
47 info installOne pushbots-cli@0.0.4
48 verbose installOne of pushbots-cli to /usr/local/lib not in flight; installing
49 verbose lock using /Users/tinku/.npm/_locks/pushbots-cli-8ddb94c5420d4799.lock for /usr/local/lib/node_modules/pushbots-cli
50 silly install write writing pushbots-cli 0.0.4 to /usr/local/lib/node_modules/pushbots-cli
51 verbose unbuild lib/node_modules/pushbots-cli
52 silly gentlyRm /usr/local/lib/node_modules/pushbots-cli is being purged from base /usr/local
53 verbose gentlyRm don't care about contents; nuking /usr/local/lib/node_modules/pushbots-cli
54 verbose tar unpack /Users/tinku/.npm/pushbots-cli/0.0.4/package.tgz
55 verbose tar unpacking to /usr/local/lib/node_modules/pushbots-cli
56 silly gentlyRm /usr/local/lib/node_modules/pushbots-cli is being purged
57 verbose gentlyRm don't care about contents; nuking /usr/local/lib/node_modules/pushbots-cli
58 silly gunzTarPerm modes [ '755', '644' ]
59 error tar.unpack untar error /Users/tinku/.npm/pushbots-cli/0.0.4/package.tgz
60 verbose unlock done using /Users/tinku/.npm/_locks/pushbots-cli-8ddb94c5420d4799.lock for /usr/local/lib/node_modules/pushbots-cli
61 verbose fstream_path /usr/local/lib/node_modules/pushbots-cli
62 verbose fstream_type Directory
63 verbose fstream_class DirWriter
64 verbose stack Error: EACCES: permission denied, mkdir '/usr/local/lib/node_modules/pushbots-cli'
64 verbose stack     at Error (native)
65 verbose fstream_stack /usr/local/lib/node_modules/npm/node_modules/fstream/lib/dir-writer.js:35:25
65 verbose fstream_stack /usr/local/lib/node_modules/npm/node_modules/mkdirp/index.js:47:53
65 verbose fstream_stack FSReqWrap.oncomplete (fs.js:82:15)
66 verbose cwd /Users/tinku/AndroidStudioProjects/MedCloud
67 error Darwin 15.5.0
68 error argv "/usr/local/bin/node" "/usr/local/bin/npm" "install" "pushbots-cli" "-g"
69 error node v4.2.4
70 error npm  v2.14.12
71 error path /usr/local/lib/node_modules/pushbots-cli
72 error code EACCES
73 error errno -13
74 error syscall mkdir
75 error Error: EACCES: permission denied, mkdir '/usr/local/lib/node_modules/pushbots-cli'
75 error     at Error (native)
75 error  { [Error: EACCES: permission denied, mkdir '/usr/local/lib/node_modules/pushbots-cli']
75 error   errno: -13,
75 error   code: 'EACCES',
75 error   syscall: 'mkdir',
75 error   path: '/usr/local/lib/node_modules/pushbots-cli',
75 error   fstream_type: 'Directory',
75 error   fstream_path: '/usr/local/lib/node_modules/pushbots-cli',
75 error   fstream_class: 'DirWriter',
75 error   fstream_stack:
75 error    [ '/usr/local/lib/node_modules/npm/node_modules/fstream/lib/dir-writer.js:35:25',
75 error      '/usr/local/lib/node_modules/npm/node_modules/mkdirp/index.js:47:53',
75 error      'FSReqWrap.oncomplete (fs.js:82:15)' ] }
76 error Please try running this command again as root/Administrator.
77 verbose exit [ -13, true ]
78 verbose unbuild lib/node_modules/pushbots-cli
79 silly gentlyRm /usr/local/lib/node_modules/pushbots-cli is being purged from base /usr/local
80 verbose gentlyRm don't care about contents; nuking /usr/local/lib/node_modules/pushbots-cli
